2024-05-24 05:50:47,943 c.v.VagperApplication Starting VagperApplication v1 using Java 20.0.2 with PID 2880 (E:\vagper\target\vagper-1.jar started by Den in E:\vagper)
2024-05-24 05:50:47,982 c.v.VagperApplication Running with Spring Boot v3.1.4, Spring v6.0.12
2024-05-24 05:50:47,998 c.v.VagperApplication No active profile set, falling back to 1 default profile: "default"
2024-05-24 05:51:11,869 c.v.VagperApplication Started VagperApplication in 26.397 seconds (process running for 31.342)
2024-05-24 06:12:38,988 c.v.VagperApplication Starting VagperApplication v1 using Java 20.0.2 with PID 2624 (E:\vagper\target\vagper-1.jar started by Den in E:\vagper)
2024-05-24 06:12:38,988 c.v.VagperApplication Running with Spring Boot v3.1.4, Spring v6.0.12
2024-05-24 06:12:38,988 c.v.VagperApplication No active profile set, falling back to 1 default profile: "default"
2024-05-24 06:12:45,645 c.v.VagperApplication Started VagperApplication in 6.977 seconds (process running for 7.568)
2024-05-24 06:33:34,589 c.v.ajaxDisp Копирование базы данных переписи завершено.

2024-05-24 06:33:34,589 c.v.ajaxDisp Очистка базы данных не производится

2024-05-24 06:39:47,618 c.v.VagperApplication Starting VagperApplication v1 using Java 20.0.2 with PID 2112 (E:\vagper\target\vagper-1.jar started by Den in E:\vagper)
2024-05-24 06:39:47,618 c.v.VagperApplication Running with Spring Boot v3.1.4, Spring v6.0.12
2024-05-24 06:39:47,618 c.v.VagperApplication No active profile set, falling back to 1 default profile: "default"
2024-05-24 06:39:54,308 c.v.VagperApplication Started VagperApplication in 7.017 seconds (process running for 7.592)
2024-05-24 06:55:15,042 c.v.ajaxDisp Копирование базы данных переписи завершено.

2024-05-24 06:55:15,042 c.v.ajaxDisp Очистка базы данных:

2024-05-24 06:55:15,042 c.v.ajaxDisp delete from "vagper_lists";

2024-05-24 06:55:15,042 c.v.ajaxDisp delete from "vagper_vags";

2024-05-24 06:55:54,088 c.v.VagperApplication Starting VagperApplication v1 using Java 20.0.2 with PID 2956 (E:\vagper\target\vagper-1.jar started by Den in E:\vagper)
2024-05-24 06:55:54,092 c.v.VagperApplication Running with Spring Boot v3.1.4, Spring v6.0.12
2024-05-24 06:55:54,092 c.v.VagperApplication No active profile set, falling back to 1 default profile: "default"
2024-05-24 06:56:00,625 c.v.VagperApplication Started VagperApplication in 6.874 seconds (process running for 7.444)
2024-05-24 06:57:12,068 c.v.ajaxDisp Копирование базы данных переписи завершено.

2024-05-24 06:57:12,068 c.v.ajaxDisp Очистка базы данных:

2024-05-24 06:57:12,068 c.v.ajaxDisp delete from "vagper_lists";

2024-05-24 06:57:12,068 c.v.ajaxDisp delete from "vagper_vags";

2024-05-24 06:58:32,509 c.v.VagperApplication Starting VagperApplication v1 using Java 20.0.2 with PID 10664 (E:\vagper\target\vagper-1.jar started by Den in E:\vagper)
2024-05-24 06:58:32,509 c.v.VagperApplication Running with Spring Boot v3.1.4, Spring v6.0.12
2024-05-24 06:58:32,509 c.v.VagperApplication No active profile set, falling back to 1 default profile: "default"
2024-05-24 06:58:40,884 c.v.VagperApplication Started VagperApplication in 8.691 seconds (process running for 9.256)
2024-05-24 06:59:11,605 c.v.VagperApplication Starting VagperApplication v1 using Java 20.0.2 with PID 11228 (E:\vagper\target\vagper-1.jar started by Den in E:\vagper)
2024-05-24 06:59:11,605 c.v.VagperApplication Running with Spring Boot v3.1.4, Spring v6.0.12
2024-05-24 06:59:11,605 c.v.VagperApplication No active profile set, falling back to 1 default profile: "default"
2024-05-24 06:59:18,234 c.v.VagperApplication Started VagperApplication in 6.962 seconds (process running for 7.504)
2024-05-24 07:01:41,508 c.v.VagperApplication Starting VagperApplication v1 using Java 20.0.2 with PID 1980 (E:\vagper\target\vagper-1.jar started by Den in E:\vagper)
2024-05-24 07:01:41,508 c.v.VagperApplication Running with Spring Boot v3.1.4, Spring v6.0.12
2024-05-24 07:01:41,508 c.v.VagperApplication No active profile set, falling back to 1 default profile: "default"
2024-05-24 07:01:48,119 c.v.VagperApplication Started VagperApplication in 6.934 seconds (process running for 7.483)
2024-05-24 07:02:50,679 c.v.ajaxDisp Копирование базы данных переписи завершено.

2024-05-24 07:02:50,679 c.v.ajaxDisp Очистка базы данных:

2024-05-24 07:02:50,679 c.v.ajaxDisp delete from "vagper_lists";

2024-05-24 07:02:50,679 c.v.ajaxDisp delete from "vagper_vags";

2024-05-24 07:06:53,116 c.v.VagperApplication Starting VagperApplication v1 using Java 20.0.2 with PID 3540 (E:\vagper\target\vagper-1.jar started by Den in E:\vagper)
2024-05-24 07:06:53,116 c.v.VagperApplication Running with Spring Boot v3.1.4, Spring v6.0.12
2024-05-24 07:06:53,116 c.v.VagperApplication No active profile set, falling back to 1 default profile: "default"
2024-05-24 07:06:59,755 c.v.VagperApplication Started VagperApplication in 6.961 seconds (process running for 7.576)
2024-05-24 07:16:05,002 c.v.ajaxDisp Копирование базы данных переписи завершено.

2024-05-24 07:16:05,002 c.v.ajaxDisp Очистка базы данных:

2024-05-24 07:16:05,002 c.v.ajaxDisp delete from "vagper_lists";

2024-05-24 07:16:05,002 c.v.ajaxDisp delete from "vagper_vags";

2024-05-24 07:20:39,290 c.v.VagperApplication Starting VagperApplication v1 using Java 20.0.2 with PID 9776 (E:\vagper\target\vagper-1.jar started by Den in E:\vagper)
2024-05-24 07:20:39,290 c.v.VagperApplication Running with Spring Boot v3.1.4, Spring v6.0.12
2024-05-24 07:20:39,290 c.v.VagperApplication No active profile set, falling back to 1 default profile: "default"
2024-05-24 07:20:45,967 c.v.VagperApplication Started VagperApplication in 7.008 seconds (process running for 7.812)
2024-05-24 07:22:15,087 c.v.ajaxDisp Копирование базы данных переписи завершено.

2024-05-24 07:22:15,087 c.v.ajaxDisp Очистка базы данных:

2024-05-24 07:22:15,087 c.v.ajaxDisp delete from "vagper_lists";

2024-05-24 07:22:15,087 c.v.ajaxDisp delete from "vagper_vags";

2024-05-24 12:09:38,583 c.v.VagperApplication Starting VagperApplication v1 using Java 20.0.2 with PID 4840 (E:\vagper\target\vagper-1.jar started by Den in E:\vagper)
2024-05-24 12:09:38,598 c.v.VagperApplication Running with Spring Boot v3.1.4, Spring v6.0.12
2024-05-24 12:09:38,598 c.v.VagperApplication No active profile set, falling back to 1 default profile: "default"
2024-05-24 12:09:46,313 c.v.VagperApplication Started VagperApplication in 8.44 seconds (process running for 9.332)
2024-05-24 12:10:56,969 o.t.TemplateEngine [THYMELEAF][http-nio-8085-exec-1] Exception processing template "stan": Error resolving template [stan], template might not exist or might not be accessible by any of the configured Template Resolvers
org.thymeleaf.exceptions.TemplateInputException: Error resolving template [stan], template might not exist or might not be accessible by any of the configured Template Resolvers
	at org.thymeleaf.engine.TemplateManager.resolveTemplate(TemplateManager.java:869)
	at org.thymeleaf.engine.TemplateManager.parseAndProcess(TemplateManager.java:607)
	at org.thymeleaf.TemplateEngine.process(TemplateEngine.java:1103)
	at org.thymeleaf.TemplateEngine.process(TemplateEngine.java:1077)
	at org.thymeleaf.spring6.view.ThymeleafView.renderFragment(ThymeleafView.java:372)
	at org.thymeleaf.spring6.view.ThymeleafView.render(ThymeleafView.java:192)
	at org.springframework.web.servlet.DispatcherServlet.render(DispatcherServlet.java:1415)
	at org.springframework.web.servlet.DispatcherServlet.processDispatchResult(DispatcherServlet.java:1159)
	at org.springframework.web.servlet.DispatcherServlet.doDispatch(DispatcherServlet.java:1098)
	at org.springframework.web.servlet.DispatcherServlet.doService(DispatcherServlet.java:974)
	at org.springframework.web.servlet.FrameworkServlet.processRequest(FrameworkServlet.java:1011)
	at org.springframework.web.servlet.FrameworkServlet.doGet(FrameworkServlet.java:903)
	at jakarta.servlet.http.HttpServlet.service(HttpServlet.java:564)
	at org.springframework.web.servlet.FrameworkServlet.service(FrameworkServlet.java:885)
	at jakarta.servlet.http.HttpServlet.service(HttpServlet.java:658)
	at org.apache.catalina.core.ApplicationFilterChain.internalDoFilter(ApplicationFilterChain.java:205)
	at org.apache.catalina.core.ApplicationFilterChain.doFilter(ApplicationFilterChain.java:149)
	at org.apache.tomcat.websocket.server.WsFilter.doFilter(WsFilter.java:51)
	at org.apache.catalina.core.ApplicationFilterChain.internalDoFilter(ApplicationFilterChain.java:174)
	at org.apache.catalina.core.ApplicationFilterChain.doFilter(ApplicationFilterChain.java:149)
	at org.springframework.web.filter.RequestContextFilter.doFilterInternal(RequestContextFilter.java:100)
	at org.springframework.web.filter.OncePerRequestFilter.doFilter(OncePerRequestFilter.java:116)
	at org.apache.catalina.core.ApplicationFilterChain.internalDoFilter(ApplicationFilterChain.java:174)
	at org.apache.catalina.core.ApplicationFilterChain.doFilter(ApplicationFilterChain.java:149)
	at org.springframework.web.filter.FormContentFilter.doFilterInternal(FormContentFilter.java:93)
	at org.springframework.web.filter.OncePerRequestFilter.doFilter(OncePerRequestFilter.java:116)
	at org.apache.catalina.core.ApplicationFilterChain.internalDoFilter(ApplicationFilterChain.java:174)
	at org.apache.catalina.core.ApplicationFilterChain.doFilter(ApplicationFilterChain.java:149)
	at org.springframework.web.filter.CharacterEncodingFilter.doFilterInternal(CharacterEncodingFilter.java:201)
	at org.springframework.web.filter.OncePerRequestFilter.doFilter(OncePerRequestFilter.java:116)
	at org.apache.catalina.core.ApplicationFilterChain.internalDoFilter(ApplicationFilterChain.java:174)
	at org.apache.catalina.core.ApplicationFilterChain.doFilter(ApplicationFilterChain.java:149)
	at org.apache.catalina.core.StandardWrapperValve.invoke(StandardWrapperValve.java:167)
	at org.apache.catalina.core.StandardContextValve.invoke(StandardContextValve.java:90)
	at org.apache.catalina.authenticator.AuthenticatorBase.invoke(AuthenticatorBase.java:482)
	at org.apache.catalina.core.StandardHostValve.invoke(StandardHostValve.java:115)
	at org.apache.catalina.valves.ErrorReportValve.invoke(ErrorReportValve.java:93)
	at org.apache.catalina.core.StandardEngineValve.invoke(StandardEngineValve.java:74)
	at org.apache.catalina.connector.CoyoteAdapter.service(CoyoteAdapter.java:341)
	at org.apache.coyote.http11.Http11Processor.service(Http11Processor.java:391)
	at org.apache.coyote.AbstractProcessorLight.process(AbstractProcessorLight.java:63)
	at org.apache.coyote.AbstractProtocol$ConnectionHandler.process(AbstractProtocol.java:894)
	at org.apache.tomcat.util.net.NioEndpoint$SocketProcessor.doRun(NioEndpoint.java:1740)
	at org.apache.tomcat.util.net.SocketProcessorBase.run(SocketProcessorBase.java:52)
	at org.apache.tomcat.util.threads.ThreadPoolExecutor.runWorker(ThreadPoolExecutor.java:1191)
	at org.apache.tomcat.util.threads.ThreadPoolExecutor$Worker.run(ThreadPoolExecutor.java:659)
	at org.apache.tomcat.util.threads.TaskThread$WrappingRunnable.run(TaskThread.java:61)
	at java.base/java.lang.Thread.run(Thread.java:1623)
2024-05-24 12:10:57,125 o.a.c.c.C.[.[.[.[dispatcherServlet] Servlet.service() for servlet [dispatcherServlet] in context with path [] threw exception [Request processing failed: org.thymeleaf.exceptions.TemplateInputException: Error resolving template [stan], template might not exist or might not be accessible by any of the configured Template Resolvers] with root cause
org.thymeleaf.exceptions.TemplateInputException: Error resolving template [stan], template might not exist or might not be accessible by any of the configured Template Resolvers
	at org.thymeleaf.engine.TemplateManager.resolveTemplate(TemplateManager.java:869)
	at org.thymeleaf.engine.TemplateManager.parseAndProcess(TemplateManager.java:607)
	at org.thymeleaf.TemplateEngine.process(TemplateEngine.java:1103)
	at org.thymeleaf.TemplateEngine.process(TemplateEngine.java:1077)
	at org.thymeleaf.spring6.view.ThymeleafView.renderFragment(ThymeleafView.java:372)
	at org.thymeleaf.spring6.view.ThymeleafView.render(ThymeleafView.java:192)
	at org.springframework.web.servlet.DispatcherServlet.render(DispatcherServlet.java:1415)
	at org.springframework.web.servlet.DispatcherServlet.processDispatchResult(DispatcherServlet.java:1159)
	at org.springframework.web.servlet.DispatcherServlet.doDispatch(DispatcherServlet.java:1098)
	at org.springframework.web.servlet.DispatcherServlet.doService(DispatcherServlet.java:974)
	at org.springframework.web.servlet.FrameworkServlet.processRequest(FrameworkServlet.java:1011)
	at org.springframework.web.servlet.FrameworkServlet.doGet(FrameworkServlet.java:903)
	at jakarta.servlet.http.HttpServlet.service(HttpServlet.java:564)
	at org.springframework.web.servlet.FrameworkServlet.service(FrameworkServlet.java:885)
	at jakarta.servlet.http.HttpServlet.service(HttpServlet.java:658)
	at org.apache.catalina.core.ApplicationFilterChain.internalDoFilter(ApplicationFilterChain.java:205)
	at org.apache.catalina.core.ApplicationFilterChain.doFilter(ApplicationFilterChain.java:149)
	at org.apache.tomcat.websocket.server.WsFilter.doFilter(WsFilter.java:51)
	at org.apache.catalina.core.ApplicationFilterChain.internalDoFilter(ApplicationFilterChain.java:174)
	at org.apache.catalina.core.ApplicationFilterChain.doFilter(ApplicationFilterChain.java:149)
	at org.springframework.web.filter.RequestContextFilter.doFilterInternal(RequestContextFilter.java:100)
	at org.springframework.web.filter.OncePerRequestFilter.doFilter(OncePerRequestFilter.java:116)
	at org.apache.catalina.core.ApplicationFilterChain.internalDoFilter(ApplicationFilterChain.java:174)
	at org.apache.catalina.core.ApplicationFilterChain.doFilter(ApplicationFilterChain.java:149)
	at org.springframework.web.filter.FormContentFilter.doFilterInternal(FormContentFilter.java:93)
	at org.springframework.web.filter.OncePerRequestFilter.doFilter(OncePerRequestFilter.java:116)
	at org.apache.catalina.core.ApplicationFilterChain.internalDoFilter(ApplicationFilterChain.java:174)
	at org.apache.catalina.core.ApplicationFilterChain.doFilter(ApplicationFilterChain.java:149)
	at org.springframework.web.filter.CharacterEncodingFilter.doFilterInternal(CharacterEncodingFilter.java:201)
	at org.springframework.web.filter.OncePerRequestFilter.doFilter(OncePerRequestFilter.java:116)
	at org.apache.catalina.core.ApplicationFilterChain.internalDoFilter(ApplicationFilterChain.java:174)
	at org.apache.catalina.core.ApplicationFilterChain.doFilter(ApplicationFilterChain.java:149)
	at org.apache.catalina.core.StandardWrapperValve.invoke(StandardWrapperValve.java:167)
	at org.apache.catalina.core.StandardContextValve.invoke(StandardContextValve.java:90)
	at org.apache.catalina.authenticator.AuthenticatorBase.invoke(AuthenticatorBase.java:482)
	at org.apache.catalina.core.StandardHostValve.invoke(StandardHostValve.java:115)
	at org.apache.catalina.valves.ErrorReportValve.invoke(ErrorReportValve.java:93)
	at org.apache.catalina.core.StandardEngineValve.invoke(StandardEngineValve.java:74)
	at org.apache.catalina.connector.CoyoteAdapter.service(CoyoteAdapter.java:341)
	at org.apache.coyote.http11.Http11Processor.service(Http11Processor.java:391)
	at org.apache.coyote.AbstractProcessorLight.process(AbstractProcessorLight.java:63)
	at org.apache.coyote.AbstractProtocol$ConnectionHandler.process(AbstractProtocol.java:894)
	at org.apache.tomcat.util.net.NioEndpoint$SocketProcessor.doRun(NioEndpoint.java:1740)
	at org.apache.tomcat.util.net.SocketProcessorBase.run(SocketProcessorBase.java:52)
	at org.apache.tomcat.util.threads.ThreadPoolExecutor.runWorker(ThreadPoolExecutor.java:1191)
	at org.apache.tomcat.util.threads.ThreadPoolExecutor$Worker.run(ThreadPoolExecutor.java:659)
	at org.apache.tomcat.util.threads.TaskThread$WrappingRunnable.run(TaskThread.java:61)
	at java.base/java.lang.Thread.run(Thread.java:1623)
